Generating 150 extra samples per group (IDs 2400–2999), seed=77819

Running 600 FEA simulations (16 workers)...
  [02408] h=0.0000m
  [02403] h=0.0213m
  [02402] h=0.0859m
  [02409] h=0.0805m
  [02407] h=0.0742m
  [02415] h=0.1175m
  [02412] h=0.0714m
  [02406] h=0.0544m
  [02418] h=0.0000m
  [02419] h=0.0272m
  [02422] h=0.0457m
  [02420] h=0.0766m
  [02421] h=0.0605m
  [02423] h=0.2349m
  [02424] h=0.1835m
  [02413] h=0.1946m
  [02417] h=0.0757m
  [02425] h=0.1090m
  [02410] h=0.2278m
  [02426] h=0.0591m
  [02405] h=0.0714m
  [02416] h=0.0621m
  [02433] h=0.0393m
  [02431] h=0.0785m
  [02411] h=0.1854m
  [02437] h=0.1152m
  [02414] h=0.2161m
  [02440] h=0.0000m
  [02432] h=0.2305m
  [02439] h=0.1855m
  [02438] h=0.1459m
  [02445] h=0.0399m
  [02401] h=0.2884m
  [02428] h=0.1285m
  [02441] h=0.0600m
  [02429] h=0.2372m
  [02448] h=0.0473m
  [02447] h=0.0996m
  [02449] h=0.0188m
  [02450] h=0.0508m
  [02434] h=0.0432m
  [02451] h=0.0000m
  [02435] h=0.2135m
  [02458] h=0.0000m
  [02443] h=0.2003m
  [02430] h=0.2563m
  [02427] h=0.2249m
  [02400] h=0.2391m
  [02460] h=0.1208m
  [02463] h=0.0000m
  [02453] h=0.1453m
  [02462] h=0.1491m
  [02455] h=0.1251m
  [02446] h=0.2504m
  [02466] h=0.0000m
  [02459] h=0.0572m
  [02454] h=0.1309m
  [02461] h=0.0988m
  [02469] h=0.0228m
  [02442] h=0.2050m
  [02457] h=0.1682m
  [02472] h=0.0974m
  [02474] h=0.0988m
  [02473] h=0.1553m
  [02470] h=0.0582m
  [02456] h=0.2143m
  [02477] h=0.1606m
  [02464] h=0.2595m
  [02480] h=0.0324m
  [02468] h=0.1525m
  [02465] h=0.1723m
  [02475] h=0.2453m
  [02483] h=0.0182m
  [02486] h=0.0556m
  [02471] h=0.0121m
  [02489] h=0.0484m
  [02484] h=0.0716m
  [02476] h=0.1611m
  [02490] h=0.0000m
  [02436] h=0.2334m
  [02491] h=0.0242m
  [02492] h=0.0500m
  [02494] h=0.0706m
  [02495] h=0.0299m
  [02485] h=0.0856m
  [02467] h=0.2597m
  [02497] h=0.0330m
  [02479] h=0.1938m
  [02488] h=0.1382m
  [02501] h=0.0805m
  [02481] h=0.1930m
  [02478] h=0.2545m
  [02498] h=0.0841m
  [02487] h=0.1197m
  [02505] h=0.1014m
  [02482] h=0.1967m
  [02504] h=0.1858m
  [02508] h=0.0591m
  [02510] h=0.0000m
  [02500] h=0.0886m
  [02496] h=0.1439m
  [02511] h=0.0782m
  [02512] h=0.0935m
  [02514] h=0.0306m
  [02513] h=0.0517m
  [02515] h=0.1329m
  [02519] h=0.0000m
  [02509] h=0.1549m
  [02502] h=0.0987m
  [02521] h=0.0552m
  [02516] h=0.1721m
  [02523] h=0.0392m
  [02518] h=0.0666m
  [02507] h=0.2045m
  [02503] h=0.2303m
  [02506] h=0.1382m
  [02529] h=0.0225m
  [02528] h=0.0888m
  [02525] h=0.0708m
  [02493] h=0.0593m
  [02533] h=0.0189m
  [02517] h=0.1358m
  [02534] h=0.1268m
  [02524] h=0.1537m
  [02536] h=0.1058m
  [02520] h=0.2160m
  [02535] h=0.0801m
  [02542] h=0.0000m
  [02540] h=0.0368m
  [02539] h=0.1111m
  [02541] h=0.0272m
  [02543] h=0.0391m
  [02544] h=0.1943m
  [02546] h=0.0953m
  [02530] h=0.2534m
  [02547] h=0.1358m
  [02548] h=0.1289m
  [02549] h=0.0450m
  [02550] h=0.0029m
  [02538] h=0.1987m
  [02526] h=0.1861m
  [02552] h=0.0733m
  [02556] h=0.0000m
  [02553] h=0.0884m
  [02551] h=0.0495m
  [02557] h=0.0557m
  [02559] h=0.0223m
  [02560] h=0.0369m
  [02563] h=0.0630m
  [02537] h=0.2406m
  [02554] h=0.0393m
  [02564] h=0.0858m
  [02558] h=0.0816m
  [02561] h=0.1235m
  [02569] h=0.0208m
  [02566] h=0.0916m
  [02555] h=0.2597m
  [02572] h=0.0220m
  [02571] h=0.0261m
  [02570] h=0.0678m
  [02574] h=0.0000m
  [02565] h=0.1819m
  [02576] h=0.1110m
  [02568] h=0.1296m
  [02575] h=0.1124m
  [02545] h=0.2909m
  [02573] h=0.1854m
  [02579] h=0.1398m
  [02582] h=0.0276m
  [02499] h=0.0471m
  [02580] h=0.1602m
  [02585] h=0.0000m
  [02584] h=0.0593m
  [02586] h=0.0070m
  [02587] h=0.0324m
  [02589] h=0.0000m
  [02562] h=0.3312m
  [02592] h=0.0417m
  [02583] h=0.0799m
  [02593] h=0.0203m
  [02577] h=0.2461m
  [02594] h=0.0448m
  [02597] h=0.0000m
  [02591] h=0.2321m
  [02581] h=0.1694m
  [02596] h=0.0876m
  [02600] h=0.0000m
  [02601] h=0.0000m
  [02590] h=0.2334m
  [02595] h=0.1359m
  [02599] h=0.1390m
  [02603] h=0.0742m
  [02452] h=0.0586m
  [02608] h=0.0000m
  [02606] h=0.0713m
  [02605] h=0.0666m
  [02610] h=0.0345m
  [02604] h=0.1734m
  [02609] h=0.1325m
  [02532] h=0.0339m
  [02614] h=0.1299m
  [02611] h=0.1068m
  [02607] h=0.1865m
  [02616] h=0.0354m
  [02613] h=0.0551m
  [02617] h=0.0357m
  [02620] h=0.0136m
  [02598] h=0.2190m
  [02621] h=0.1351m
  [02612] h=0.1149m
  [02622] h=0.1124m
  [02626] h=0.0000m
  [02624] h=0.1560m
  [02625] h=0.0777m
  [02619] h=0.1647m
  [02628] h=0.0434m
  [02615] h=0.0110m
  [02629] h=0.1069m
  [02627] h=0.0322m
  [02633] h=0.0000m
  [02632] h=0.0028m
  [02631] h=0.1110m
  [02634] h=0.0459m
  [02637] h=0.0888m
  [02630] h=0.1219m
  [02623] h=0.1940m
  [02639] h=0.0659m
  [02636] h=0.1411m
  [02642] h=0.0000m
  [02641] h=0.0477m
  [02640] h=0.0793m
  [02644] h=0.0408m
  [02645] h=0.0214m
  [02638] h=0.1823m
  [02647] h=0.1383m
  [02618] h=0.3330m
  [02635] h=0.1935m
  [02649] h=0.1878m
  [02653] h=0.0170m
  [02643] h=0.2766m
  [02646] h=0.2919m
  [02652] h=0.2333m
  [02651] h=0.1656m
  [02657] h=0.0000m
  [02655] h=0.1410m
  [02660] h=0.0286m
  [02656] h=0.0996m
  [02658] h=0.1608m
  [02648] h=0.3408m
  [02654] h=0.3295m
  [02661] h=0.1037m
  [02665] h=0.0888m
  [02666] h=0.0384m
  [02668] h=0.0210m
  [02659] h=0.2519m
  [02670] h=0.0000m
  [02671] h=0.0000m
  [02672] h=0.0525m
  [02662] h=0.0809m
  [02674] h=0.0509m
  [02673] h=0.0651m
  [02675] h=0.0711m
  [02677] h=0.0628m
  [02676] h=0.1301m
  [02679] h=0.0617m
  [02680] h=0.0133m
  [02681] h=0.1752m
  [02678] h=0.0424m
  [02683] h=0.0055m
  [02684] h=0.0479m
  [02685] h=0.1506m
  [02686] h=0.0000m
  [02687] h=0.1047m
  [02688] h=0.0983m
  [02689] h=0.0000m
  [02690] h=0.0267m
  [02567] h=0.0478m
  [02691] h=0.0920m
  [02692] h=0.1115m
  [02694] h=0.1530m
  [02695] h=0.0782m
  [02696] h=0.0442m
  [02693] h=0.2196m
  [02697] h=0.0128m
  [02698] h=0.0140m
  [02700] h=0.0641m
  [02701] h=0.1453m
  [02699] h=0.0353m
  [02702] h=0.1275m
  [02703] h=0.3376m
  [02705] h=0.0992m
  [02706] h=0.0443m
  [02704] h=0.2971m
  [02527] h=0.1805m
  [02709] h=0.0879m
  [02708] h=0.2475m
  [02711] h=0.1492m
  [02710] h=0.1007m
  [02712] h=0.0543m
  [02714] h=0.1913m
  [02715] h=0.1667m
  [02713] h=0.2937m
  [02716] h=0.2217m
  [02718] h=0.0860m
  [02717] h=0.1247m
  [02720] h=0.0865m
  [02719] h=0.0663m
  [02722] h=0.1736m
  [02721] h=0.2553m
  [02724] h=0.1941m
  [02723] h=0.0570m
  [02725] h=0.1219m
  [02727] h=0.1054m
  [02726] h=0.1079m
  [02729] h=0.0715m
  [02730] h=0.0875m
  [02728] h=0.2066m
  [02731] h=0.2762m
  [02733] h=0.1165m
  [02732] h=0.3500m
  [02735] h=0.2442m
  [02734] h=0.3061m
  [02736] h=0.1358m
  [02737] h=0.2293m
  [02739] h=0.0696m
  [02738] h=0.2882m
  [02741] h=0.4176m
  [02742] h=0.1272m
  [02743] h=0.1784m
  [02740] h=0.3127m
  [02744] h=0.1960m
  [02745] h=0.0240m
  [02747] h=0.1180m
  [02748] h=0.0786m
  [02749] h=0.0776m
  [02750] h=0.0892m
  [02751] h=0.0338m
  [02752] h=0.0800m
  [02753] h=0.0379m
  [02754] h=0.0579m
  [02755] h=0.1667m
  [02650] h=0.0632m
  [02757] h=0.1464m
  [02758] h=0.1733m
  [02759] h=0.0927m
  [02760] h=0.1925m
  [02756] h=0.3678m
  [02761] h=0.1639m
  [02763] h=0.1488m
  [02764] h=0.0248m
  [02765] h=0.1161m
  [02766] h=0.1616m
  [02762] h=0.1487m
  [02767] h=0.2137m
  [02769] h=0.0503m
  [02770] h=0.1379m
  [02768] h=0.2363m
  [02771] h=0.3422m
  [02772] h=0.2898m
  [02774] h=0.0282m
  [02773] h=0.2650m
  [02776] h=0.1557m
  [02775] h=0.2610m
  [02778] h=0.1140m
  [02779] h=0.2326m
  [02780] h=0.1201m
  [02781] h=0.0941m
  [02777] h=0.2910m
  [02783] h=0.1665m
  [02784] h=0.1406m
  [02782] h=0.0874m
  [02785] h=0.1042m
  [02786] h=0.1443m
  [02788] h=0.0655m
  [02787] h=0.1690m
  [02789] h=0.0741m
  [02791] h=0.1842m
  [02792] h=0.0897m
  [02793] h=0.2043m
  [02790] h=0.3465m
  [02795] h=0.1138m
  [02796] h=0.0762m
  [02794] h=0.3167m
  [02797] h=0.1120m
  [02798] h=0.1021m
  [02799] h=0.1408m
  [02800] h=0.2603m
  [02802] h=0.0662m
  [02801] h=0.3770m
  [02804] h=0.1952m
  [02805] h=0.1101m
  [02806] h=0.0784m
  [02803] h=0.3501m
  [02808] h=0.0355m
  [02809] h=0.0421m
  [02810] h=0.1265m
  [02811] h=0.0497m
  [02812] h=0.1002m
  [02813] h=0.2332m
  [02814] h=0.1477m
  [02815] h=0.1214m
  [02816] h=0.0980m
  [02817] h=0.1412m
  [02818] h=0.0961m
  [02819] h=0.1911m
  [02820] h=0.0800m
  [02821] h=0.0310m
  [02822] h=0.1729m
  [02823] h=0.1964m
  [02824] h=0.1290m
  [02825] h=0.0877m
  [02588] h=0.0645m
  [02827] h=0.1440m
  [02828] h=0.0451m
  [02829] h=0.1800m
  [02830] h=0.2951m
  [02831] h=0.1462m
  [02832] h=0.0670m
  [02833] h=0.0462m
  [02834] h=0.0971m
  [02835] h=0.0409m
  [02836] h=0.0000m
  [02837] h=0.0000m
  [02838] h=0.0896m
  [02839] h=0.1527m
  [02840] h=0.1763m
  [02841] h=0.2697m
  [02842] h=0.0697m
  [02843] h=0.0772m
  [02844] h=0.0597m
  [02845] h=0.1139m
  [02846] h=0.0846m
  [02847] h=0.1567m
  [02848] h=0.0966m
  [02849] h=0.0773m
  [02850] h=0.0812m
  [02851] h=0.1354m
  [02852] h=0.0785m
  [02853] h=0.1727m
  [02854] h=0.0890m
  [02855] h=0.0885m
  [02856] h=0.1184m
  [02857] h=0.1443m
  [02858] h=0.1244m
  [02859] h=0.0441m
  [02860] h=0.0721m
  [02861] h=0.0954m
  [02862] h=0.3271m
  [02863] h=0.1779m
  [02864] h=0.4058m
  [02865] h=0.0641m
  [02866] h=0.0539m
  [02867] h=0.1756m
  [02868] h=0.2048m
  [02807] h=0.0341m
  [02870] h=0.0382m
  [02869] h=0.2494m
  [02872] h=0.1097m
  [02871] h=0.1921m
  [02873] h=0.0668m
  [02875] h=0.0654m
  [02876] h=0.0506m
  [02877] h=0.2118m
  [02878] h=0.0429m
  [02879] h=0.0445m
  [02880] h=0.0287m
  [02881] h=0.0961m
  [02882] h=0.0000m
  [02883] h=0.0350m
  [02874] h=0.0454m
  [02884] h=0.0935m
  [02886] h=0.0840m
  [02885] h=0.2058m
  [02888] h=0.0289m
  [02889] h=0.0834m
  [02887] h=0.1651m
  [02890] h=0.3394m
  [02892] h=0.0526m
  [02893] h=0.1301m
  [02894] h=0.2238m
  [02895] h=0.0000m
  [02891] h=0.0501m
  [02896] h=0.0619m
  [02897] h=0.0521m
  [02899] h=0.1632m
  [02900] h=0.0205m
  [02898] h=0.1277m
  [02902] h=0.0820m
  [02901] h=0.0191m
  [02904] h=0.0193m
  [02905] h=0.1057m
  [02906] h=0.0000m
  [02907] h=0.2191m
  [02908] h=0.0505m
  [02909] h=0.0733m
  [02910] h=0.0266m
  [02911] h=0.0995m
  [02912] h=0.0827m
  [02913] h=0.1356m
  [02914] h=0.2599m
  [02915] h=0.2890m
  [02916] h=0.0883m
  [02917] h=0.0700m
  [02918] h=0.3265m
  [02919] h=0.1653m
  [02920] h=0.1071m
  [02921] h=0.0687m
  [02922] h=0.4160m
  [02923] h=0.1733m
  [02924] h=0.0714m
  [02404] h=0.0391m
  [02926] h=0.1823m
  [02925] h=0.2724m
  [02682] h=0.0339m
  [02927] h=0.3699m
  [02928] h=0.3167m
  [02930] h=0.0676m
  [02929] h=0.1419m
  [02932] h=0.0421m
  [02931] h=0.2004m
  [02933] h=0.1689m
  [02936] h=0.0381m
  [02444] h=0.2571m
  [02938] h=0.1222m
  [02939] h=0.0000m
  [02935] h=0.2217m
  [02937] h=0.0647m
  [02941] h=0.0621m
  [02522] h=0.0312m
  [02942] h=0.1116m
  [02934] h=0.3962m
  [02943] h=0.2511m
  [02944] h=0.1660m
  [02946] h=0.1901m
  [02945] h=0.1788m
  [02947] h=0.1860m
  [02949] h=0.0573m
  [02531] h=0.1657m
  [02940] h=0.3658m
  [02953] h=0.1248m
  [02954] h=0.1930m
  [02952] h=0.0662m
  [02578] h=0.0316m
  [02957] h=0.0845m
  [02958] h=0.1507m
  [02960] h=0.0197m
  [02959] h=0.1189m
  [02955] h=0.1097m
  [02961] h=0.0313m
  [02962] h=0.0217m
  [02956] h=0.1236m
  [02964] h=0.0182m
  [02965] h=0.0891m
  [02951] h=0.0536m
  [02966] h=0.2272m
  [02970] h=0.1158m
  [02950] h=0.2924m
  [02971] h=0.0618m
  [02973] h=0.0456m
  [02602] h=0.0296m
  [02967] h=0.1678m
  [02969] h=0.1399m
  [02948] h=0.2739m
  [02974] h=0.0981m
  [02968] h=0.1678m
  [02978] h=0.0932m
  [02972] h=0.1594m
  [02975] h=0.1154m
  [02983] h=0.0671m
  [02981] h=0.0878m
  [02982] h=0.1426m
  [02980] h=0.1745m
  [02984] h=0.1041m
  [02977] h=0.3341m
  [02976] h=0.4092m
  [02985] h=0.2102m
  [02991] h=0.0858m
  [02992] h=0.0000m
  [02988] h=0.1568m
  [02987] h=0.2543m
  [02995] h=0.1078m
  [02990] h=0.2467m
  [02979] h=0.3652m
  [02989] h=0.1792m
  [02994] h=0.0704m
  [02993] h=0.1664m
  [02996] h=0.0468m
  [02999] h=0.0830m
  [02986] h=0.3402m
  [02997] h=0.2553m
  [02998] h=0.3405m
  [02664] h=0.0357m
  [02667] h=0.0367m
  [02963] h=0.0661m
  [02663] h=0.0390m
  [02669] h=0.0569m
  [02707] h=0.0390m
  [02746] h=0.2703m
  [02826] h=0.0351m
  [02903] h=0.0419m
/home/chaoyu/.local/lib/python3.13/site-packages/sklearn/gaussian_process/kernels.py:440: ConvergenceWarning: The optimal value found for dimension 0 of parameter k2__noise_level is close to the specified lower bound 1e-05. Decreasing the bound and calling fit again may find a better value.
  warnings.warn(
/home/chaoyu/.local/lib/python3.13/site-packages/sklearn/gaussian_process/kernels.py:440: ConvergenceWarning: The optimal value found for dimension 0 of parameter k2__noise_level is close to the specified lower bound 1e-05. Decreasing the bound and calling fit again may find a better value.
  warnings.warn(
/home/chaoyu/.local/lib/python3.13/site-packages/sklearn/gaussian_process/kernels.py:440: ConvergenceWarning: The optimal value found for dimension 0 of parameter k2__noise_level is close to the specified lower bound 1e-05. Decreasing the bound and calling fit again may find a better value.
  warnings.warn(
/home/chaoyu/.local/lib/python3.13/site-packages/sklearn/gaussian_process/kernels.py:440: ConvergenceWarning: The optimal value found for dimension 0 of parameter k2__noise_level is close to the specified lower bound 1e-05. Decreasing the bound and calling fit again may find a better value.
  warnings.warn(
/home/chaoyu/.local/lib/python3.13/site-packages/sklearn/gaussian_process/kernels.py:440: ConvergenceWarning: The optimal value found for dimension 0 of parameter k2__noise_level is close to the specified lower bound 1e-05. Decreasing the bound and calling fit again may find a better value.
  warnings.warn(
/home/chaoyu/.local/lib/python3.13/site-packages/sklearn/gaussian_process/kernels.py:440: ConvergenceWarning: The optimal value found for dimension 0 of parameter k1__k1__constant_value is close to the specified lower bound 1e-05. Decreasing the bound and calling fit again may find a better value.
  warnings.warn(
/home/chaoyu/.local/lib/python3.13/site-packages/sklearn/gaussian_process/kernels.py:450: ConvergenceWarning: The optimal value found for dimension 0 of parameter k1__k2__length_scale is close to the specified upper bound 100000.0. Increasing the bound and calling fit again may find a better value.
  warnings.warn(
/home/chaoyu/.local/lib/python3.13/site-packages/sklearn/gaussian_process/kernels.py:440: ConvergenceWarning: The optimal value found for dimension 0 of parameter k2__noise_level is close to the specified lower bound 1e-05. Decreasing the bound and calling fit again may find a better value.
  warnings.warn(
/home/chaoyu/.local/lib/python3.13/site-packages/sklearn/gaussian_process/kernels.py:440: ConvergenceWarning: The optimal value found for dimension 0 of parameter k2__noise_level is close to the specified lower bound 1e-05. Decreasing the bound and calling fit again may find a better value.
  warnings.warn(

FEA done: 600 OK, 0 failed.

Computing section curvature for new samples...
Merged → /home/chaoyu/phd_simulation/sensitivity_analysis/data/results_with_curvature.csv  (2928 total rows)

Retraining GP surrogates...
  motif1_nocable: 600 samples
    crown_height                    R²=0.987  RMSE=0.0087
    H_mean_x0                       R²=0.913  RMSE=0.2667
    H_mean_y0                       R²=0.804  RMSE=0.3830
    max_stress                      R²=0.998  RMSE=53.6859
    mean_stress                     R²=0.999  RMSE=42.8885
    cable_tension                   R²=1.000  RMSE=0.0000
    boundary_reaction_mean          R²=0.996  RMSE=5.5403
  motif1_cable: 558 samples
Traceback (most recent call last):
  File "/home/chaoyu/phd_simulation/sensitivity_analysis/extend_samples.py", line 195, in <module>
    main()
    ~~~~^^
  File "/home/chaoyu/phd_simulation/sensitivity_analysis/extend_samples.py", line 177, in main
    metrics = sur.fit(subset)
  File "/home/chaoyu/phd_simulation/sensitivity_analysis/surrogate.py", line 52, in fit
    X = df[self.input_keys].values
        ~~^^^^^^^^^^^^^^^^^
  File "/home/chaoyu/.local/lib/python3.13/site-packages/pandas/core/frame.py", line 4384, in __getitem__
    indexer = self.columns._get_indexer_strict(key, "columns")[1]
              ~~~~~~~~~~~~~~~~~~~~~~~~~~~~~~~~^^^^^^^^^^^^^^^^
  File "/home/chaoyu/.local/lib/python3.13/site-packages/pandas/core/indexes/base.py", line 6302, in _get_indexer_strict
    self._raise_if_missing(keyarr, indexer, axis_name)
    ~~~~~~~~~~~~~~~~~~~~~~^^^^^^^^^^^^^^^^^^^^^^^^^^^^
  File "/home/chaoyu/.local/lib/python3.13/site-packages/pandas/core/indexes/base.py", line 6355, in _raise_if_missing
    raise KeyError(f"{not_found} not in index")
KeyError: "['cable_sf_wale', 'cable_sf_course'] not in index"
